<?xml version="1.0" encoding="UTF-8"?>
<!-- Generated by org.testng.reporters.JUnitReportReporter -->
<testsuite hostname="DESKTOP-42M9JTP" name="testRunner.RunTesterClass" tests="3" failures="0" timestamp="2 Oct 2020 01:11:58 GMT" time="54.304" errors="0">
  <testcase name="runScenario" time="13.605" classname="testRunner.RunTesterClass"/>
  <testcase name="runScenario" time="26.602" classname="testRunner.RunTesterClass"/>
  <testcase name="runScenario" time="14.097" classname="testRunner.RunTesterClass"/>
</testsuite> <!-- testRunner.RunTesterClass -->
