<?xml version="1.0" encoding="UTF-8"?>
<!-- Generated by org.testng.reporters.JUnitReportReporter -->
<testsuite hostname="DESKTOP-42M9JTP" name="pages.ServiceWeatherPage" tests="1" failures="0" timestamp="1 Oct 2020 09:48:16 GMT" time="6.874" errors="0">
  <testcase name="request" time="6.874" classname="pages.ServiceWeatherPage"/>
</testsuite> <!-- pages.ServiceWeatherPage -->
