<?xml version="1.0" encoding="UTF-8"?>
<!-- Generated by org.testng.reporters.JUnitReportReporter -->
<testsuite hostname="DESKTOP-42M9JTP" name="testRunner.RunTesterClass" tests="2" failures="0" timestamp="1 Oct 2020 11:20:29 GMT" time="4.816" errors="0">
  <testcase name="runScenario" time="0.852" classname="testRunner.RunTesterClass"/>
  <testcase name="runScenario" time="3.964" classname="testRunner.RunTesterClass"/>
</testsuite> <!-- testRunner.RunTesterClass -->
