<?xml version="1.0" encoding="UTF-8"?>
<!-- Generated by org.testng.reporters.JUnitReportReporter -->
<testsuite hostname="DESKTOP-42M9JTP" name="testRunner.RunTesterClass" tests="3" failures="0" timestamp="30 Sep 2020 15:47:06 GMT" time="50.068" errors="0">
  <testcase name="runScenario" time="15.014" classname="testRunner.RunTesterClass"/>
  <testcase name="runScenario" time="16.294" classname="testRunner.RunTesterClass"/>
  <testcase name="runScenario" time="18.760" classname="testRunner.RunTesterClass"/>
</testsuite> <!-- testRunner.RunTesterClass -->
